<?xml version="1.0" encoding="UTF-8" standalone="no"?>
<persistence xmlns="http://xmlns.jcp.org/xml/ns/persistence"
             xmlns:xsi="http://www.w3.org/2001/XMLSchema-instance"
             xsi:schemaLocation="http://xmlns.jcp.org/xml/ns/persistence
          http://xmlns.jcp.org/xml/ns/persistence/persistence_2_2.xsd"
             version="2.2">
    <persistence-unit name="TEST_PU" transaction-type="JTA">
        <properties>
            <property name="javax.persistence.schema-generation.database.action" value="drop-and-create"/>
            <property name="hibernate.hbm2ddl.auto" value="create-drop"/>
            <property name="javax.persistence.sql-load-script-source" value="META-INF/sql/insert.sql"/>
            <property name="hibernate.show_sql" value="true"/>
            <property name="hibernate.format_sql" value="true"/>
        </properties>
    </persistence-unit>
</persistence>
